<?xml version="1.0" encoding="UTF-8"?>
<!-- Generated by org.testng.reporters.JUnitReportReporter -->
<testsuite hostname="RVTY-5CD4285ZGL" failures="0" tests="1" name="cucumberOptions.TestNGRunner" time="13.996" errors="0" timestamp="2024-12-04T12:17:58 IST" skipped="0">
  <testcase classname="cucumberOptions.TestNGRunner" name="runScenario" time="13.996"/>
</testsuite> <!-- cucumberOptions.TestNGRunner -->
